<?xml version="1.0" encoding="UTF-8"?>
<testsuite xmlns:xsi="http://www.w3.org/2001/XMLSchema-instance" xsi:noNamespaceSchemaLocation="https://maven.apache.org/surefire/maven-surefire-plugin/xsd/surefire-test-report-3.0.xsd" version="3.0" name="com.brodygaudel.ebank.EBankApplicationTests" time="38.827" tests="1" errors="0" skipped="0" failures="0">
  <properties>
[...]
</properties>
  <testcase name="contextLoads" classname="com.brodygaudel.ebank.EBankApplicationTests" time="2.168">
    <system-out><![CDATA[00:48:03.567 [main] INFO org.springframework.test.context.support.AnnotationConfigContextLoaderUtils -- Could not detect default configuration classes for test class [com.brodygaudel.ebank.EBankApplicationTests]: EBankApplicationTests does not declare any static, non-private, non-final, nested classes annotated with @Configuration.
00:48:03.842 [main] INFO org.springframework.boot.test.context.SpringBootTestContextBootstrapper -- Found @SpringBootConfiguration com.brodygaudel.ebank.EBankApplication for test class com.brodygaudel.ebank.EBankApplicationTests

  .   ____          _            __ _ _
 /\\ / ___'_ __ _ _(_)_ __  __ _ \ \ \ \
( ( )\___ | '_ | '_| | '_ \/ _` | \ \ \ \
 \\/  ___)| |_)| | | | | || (_| |  ) ) ) )
  '  |____| .__|_| |_|_| |_\__, | / / / /
 =========|_|==============|___/=/_/_/_/
 :: Spring Boot ::                (v3.1.1)

2023-08-04T00:48:05.007+01:00  INFO 11436 --- [           main] c.b.ebank.EBankApplicationTests          : Starting EBankApplicationTests using Java 17.0.5 with PID 11436 (started by brody in C:\Users\brody\Desktop\workspace\project-app)
2023-08-04T00:48:05.011+01:00  INFO 11436 --- [           main] c.b.ebank.EBankApplicationTests          : No active profile set, falling back to 1 default profile: "default"
2023-08-04T00:48:07.123+01:00  INFO 11436 --- [           main] .s.d.r.c.RepositoryConfigurationDelegate : Bootstrapping Spring Data JPA repositories in DEFAULT mode.
2023-08-04T00:48:07.300+01:00  INFO 11436 --- [           main] .s.d.r.c.RepositoryConfigurationDelegate : Finished Spring Data repository scanning in 153 ms. Found 4 JPA repository interfaces.
2023-08-04T00:48:08.701+01:00  INFO 11436 --- [           main] o.hibernate.jpa.internal.util.LogHelper  : HHH000204: Processing PersistenceUnitInfo [name: default]
2023-08-04T00:48:08.938+01:00  INFO 11436 --- [           main] org.hibernate.Version                    : HHH000412: Hibernate ORM core version 6.2.5.Final
2023-08-04T00:48:08.948+01:00  INFO 11436 --- [           main] org.hibernate.cfg.Environment            : HHH000406: Using bytecode reflection optimizer
2023-08-04T00:48:09.778+01:00  INFO 11436 --- [           main] o.h.b.i.BytecodeProviderInitiator        : HHH000021: Bytecode provider name : bytebuddy
2023-08-04T00:48:10.412+01:00  INFO 11436 --- [           main] o.s.o.j.p.SpringPersistenceUnitInfo      : No LoadTimeWeaver setup: ignoring JPA class transformer
2023-08-04T00:48:10.488+01:00  INFO 11436 --- [           main] com.zaxxer.hikari.HikariDataSource       : HikariPool-1 - Starting...
2023-08-04T00:48:13.519+01:00  INFO 11436 --- [           main] com.zaxxer.hikari.pool.HikariPool        : HikariPool-1 - Added connection com.mysql.cj.jdbc.ConnectionImpl@2d6a0766
2023-08-04T00:48:13.524+01:00  INFO 11436 --- [           main] com.zaxxer.hikari.HikariDataSource       : HikariPool-1 - Start completed.
2023-08-04T00:48:13.908+01:00  WARN 11436 --- [           main] org.hibernate.dialect.Dialect            : HHH000511: The 8.0.31 version for [org.hibernate.dialect.MariaDBDialect] is no longer supported, hence certain features may not work properly. The minimum supported version is 10.3.0. Check the community dialects project for available legacy versions.
2023-08-04T00:48:15.142+01:00  INFO 11436 --- [           main] o.h.b.i.BytecodeProviderInitiator        : HHH000021: Bytecode provider name : bytebuddy
2023-08-04T00:48:18.011+01:00  INFO 11436 --- [           main] o.h.e.t.j.p.i.JtaPlatformInitiator       : HHH000490: Using JtaPlatform implementation: [org.hibernate.engine.transaction.jta.platform.internal.NoJtaPlatform]
2023-08-04T00:48:25.789+01:00  INFO 11436 --- [           main] j.LocalContainerEntityManagerFactoryBean : Initialized JPA EntityManagerFactory for persistence unit 'default'
2023-08-04T00:48:27.995+01:00  INFO 11436 --- [           main] o.s.d.j.r.query.QueryEnhancerFactory     : Hibernate is in classpath; If applicable, HQL parser will be used.
2023-08-04T00:48:36.174+01:00  WARN 11436 --- [           main] JpaBaseConfiguration$JpaWebConfiguration : spring.jpa.open-in-view is enabled by default. Therefore, database queries may be performed during view rendering. Explicitly configure spring.jpa.open-in-view to disable this warning
2023-08-04T00:48:39.616+01:00  INFO 11436 --- [           main] c.b.ebank.EBankApplicationTests          : Started EBankApplicationTests in 35.332 seconds (process running for 38.132)
]]></system-out>
  </testcase>
</testsuite>